<?xml version="1.0" encoding="UTF-8"?>
<testng-results ignored="0" total="1" passed="1" failed="0" skipped="0">
  <reporter-output>
  </reporter-output>
  <suite started-at="2024-12-08T18:00:33 IST" name="Default suite" finished-at="2024-12-08T18:00:49 IST" duration-ms="16171">
    <groups>
    </groups>
    <test started-at="2024-12-08T18:00:33 IST" name="Default test" finished-at="2024-12-08T18:00:49 IST" duration-ms="16171">
      <class name="actions_api.FileUploadTest">
        <test-method is-config="true" signature="setup()[pri:0, instance:actions_api.FileUploadTest@4e50c791]" started-at="2024-12-08T18:00:33 IST" name="setup" finished-at="2024-12-08T18:00:36 IST" duration-ms="2702" status="PASS">
          <reporter-output>
          </reporter-output>
        </test-method> <!-- setup -->
        <test-method signature="fileUploadTest()[pri:0, instance:actions_api.FileUploadTest@4e50c791]" started-at="2024-12-08T18:00:36 IST" name="fileUploadTest" finished-at="2024-12-08T18:00:49 IST" duration-ms="13063" status="PASS">
          <reporter-output>
          </reporter-output>
        </test-method> <!-- fileUploadTest -->
        <test-method is-config="true" signature="quit()[pri:0, instance:actions_api.FileUploadTest@4e50c791]" started-at="2024-12-08T18:00:49 IST" name="quit" finished-at="2024-12-08T18:00:49 IST" duration-ms="362" status="PASS">
          <reporter-output>
          </reporter-output>
        </test-method> <!-- quit -->
      </class> <!-- actions_api.FileUploadTest -->
    </test> <!-- Default test -->
  </suite> <!-- Default suite -->
</testng-results>
